###########################################
# 注释行用#开头
########## 绘图-配置
### 一般曲线绘制配置
1,1
# 依次对应各级菜单号，这里表示主菜单号为1，二级菜单号为1，对应一般曲线绘制
0,0,NaN,NaN,NaN,999999,空,1,1,2,1
# 0表示这一行为参数赋值行
# 0表示使用配置参数而不弹出参数选择窗口，1则弹出参数选择窗口；
# NaN NaN NaN表示不限定y轴画图范围，若方差限定则仅第1个数不为NaN给出方差倍数，如范围限定则仅后两个数不为NaN给出最小最大范围
# 缺数标记
# y轴坐标名
# 1,2,3,4,5对应实线,点线,点划线,划线,散点
# 1,2,3,4对应黑色,红色,绿色,蓝色
# 1,2对应添加y=0的基准线和不添加
# 1,2,3分别对应tif,fig,pdf格式的输出文件，可多选如12，不需要逗号分隔
########## 异常模版识别-配置
### 曲线形态类比（同测项追溯）
3,1
# 依次对应各级菜单号，这里表示主菜单号为3，二级菜单号为1，对应曲线形态类比（同测项追溯）
1
# 1,2,3分别对应tif,fig,pdf格式的输出文件，可多选如12，不需要逗号分隔
### 曲线形态类比（多测项）
3,2
# 依次对应各级菜单号，这里表示主菜单号为3，二级菜单号为2，对应曲线形态类比（多测项）
1
# 1,2,3分别对应tif,fig,pdf格式的输出文件，可多选如12，不需要逗号分隔
########## 潮汐分析
### 数据检查
4,1
# 依次对应各级菜单号，这里表示主菜单号为4，二级菜单号为1，对应数据检查
1
# 1,2,3分别对应tif,fig,pdf格式的输出文件，可多选如12，不需要逗号分隔
### 潮汐因子玫瑰图计算及成图
4,2
# 依次对应各级菜单号，这里表示主菜单号为4，二级菜单号为2，对应潮汐因子玫瑰图计算及成图
1
# 1,2,3分别对应tif,fig,pdf格式的输出文件，可多选如12，不需要逗号分隔
### 由结果绘玫瑰图
4,3
# 依次对应各级菜单号，这里表示主菜单号为4，二级菜单号为3，对应由结果绘玫瑰图
1
# 1,2,3分别对应tif,fig,pdf格式的输出文件，可多选如12，不需要逗号分隔
### 由结果绘指定方位潮汐因子
4,4
# 依次对应各级菜单号，这里表示主菜单号为4，二级菜单号为4，对应由结果绘指定方位潮汐因子
1
# 1,2,3分别对应tif,fig,pdf格式的输出文件，可多选如12，不需要逗号分隔
###########################################